
Listening on http://127.0.0.1:3333
[[1]]
[1] "Data"

[[2]]
NULL

[[3]]
NULL

[[4]]
NULL

[[5]]
NULL

[[6]]
NULL

[[7]]
NULL

[[8]]
NULL

[[9]]
NULL

[[1]]
[1] "Data"

[[2]]
NULL

[[3]]
NULL

[[4]]
NULL

[[5]]
NULL

[[6]]
NULL

[[7]]
NULL

[[8]]
[1] "#FFFFFF"

[[9]]
NULL

[[1]]
[1] "Data"

[[2]]
NULL

[[3]]
NULL

[[4]]
NULL

[[5]]
NULL

[[6]]
[1] "Este é um gráfico de "

[[7]]
NULL

[[8]]
[1] "#FFFFFF"

[[9]]
NULL

[[1]]
[1] "Data"

[[2]]
NULL

[[3]]
NULL

[[4]]
NULL

[[5]]
NULL

[[6]]
[1] "Este é um gráfico de curva de "

[[7]]
NULL

[[8]]
[1] "#FFFFFF"

[[9]]
NULL

[[1]]
[1] "Data"

[[2]]
NULL

[[3]]
NULL

[[4]]
NULL

[[5]]
NULL

[[6]]
[1] "Este é um gráfico de curva de Paretto"

[[7]]
NULL

[[8]]
[1] "#FFFFFF"

[[9]]
NULL

[[1]]
[1] "Data"

[[2]]
NULL

[[3]]
NULL

[[4]]
NULL

[[5]]
NULL

[[6]]
[1] "Este é um gráfico de curva de Paretto"

[[7]]
[1] "Aqui serão analisados infi"

[[8]]
[1] "#FFFFFF"

[[9]]
NULL

[[1]]
[1] "Data"

[[2]]
NULL

[[3]]
NULL

[[4]]
NULL

[[5]]
NULL

[[6]]
[1] "Este é um gráfico de curva de Paretto"

[[7]]
[1] "Aqui serão analisados infinitas "

[[8]]
[1] "#FFFFFF"

[[9]]
NULL

[[1]]
[1] "Data"

[[2]]
NULL

[[3]]
NULL

[[4]]
NULL

[[5]]
NULL

[[6]]
[1] "Este é um gráfico de curva de Paretto"

[[7]]
[1] "Aqui serão analisados infinitas propriedade"

[[8]]
[1] "#FFFFFF"

[[9]]
NULL

[[1]]
[1] "Data"

[[2]]
NULL

[[3]]
NULL

[[4]]
NULL

[[5]]
NULL

[[6]]
[1] "Este é um gráfico de curva de Paretto"

[[7]]
[1] "Aqui serão analisados infinitas propriedades de "

[[8]]
[1] "#FFFFFF"

[[9]]
NULL

[[1]]
[1] "Data"

[[2]]
NULL

[[3]]
NULL

[[4]]
NULL

[[5]]
NULL

[[6]]
[1] "Este é um gráfico de curva de Paretto"

[[7]]
[1] "Aqui serão analisados infinitas propriedades de c"

[[8]]
[1] "#FFFFFF"

[[9]]
NULL

[[1]]
[1] "Data"

[[2]]
NULL

[[3]]
NULL

[[4]]
NULL

[[5]]
NULL

[[6]]
[1] "Este é um gráfico de curva de Paretto"

[[7]]
[1] "Aqui serão analisados infinitas propriedades de gráficos"

[[8]]
[1] "#FFFFFF"

[[9]]
NULL

[[1]]
[1] "Data"

[[2]]
NULL

[[3]]
NULL

[[4]]
NULL

[[5]]
NULL

[[6]]
[1] "Este é um gráfico de curva de Paretto"

[[7]]
[1] "Aqui serão analisados infinitas propriedades de gráficos."

[[8]]
[1] "#FFFFFF"

[[9]]
NULL

[[1]]
[1] "Data"

[[2]]
NULL

[[3]]
NULL

[[4]]
NULL

[[5]]
NULL

[[6]]
NULL

[[7]]
NULL

[[8]]
[1] "#FFFFFF"

[[9]]
NULL



Execução interrompida
